<?xml version="1.0" encoding="UTF-8"?>
<!-- Generated by org.testng.reporters.JUnitReportReporter -->
<testsuite hostname="AshwiniK-LP" name="com.example.ui.runner.TestRunner" tests="1" failures="0" timestamp="28 May 2020 07:35:48 GMT" time="1.681" errors="0">
  <testcase name="scenario" time="1.681" classname="com.example.ui.runner.TestRunner"/>
</testsuite> <!-- com.example.ui.runner.TestRunner -->
